<?xml version="1.0" encoding="UTF-8"?>
<!-- Generated by org.testng.reporters.JUnitXMLReporter -->
<testsuite ignored="0" hostname="DESKTOP-MLJGBCN" failures="0" tests="5" name="Default test" time="0.233" errors="0" timestamp="2023-03-20T15:21:33 IST">
  <testcase classname="Education.TestNG" name="TestC" time="0.02"/>
  <testcase classname="Education.TestNG" name="ATestD" time="0.007"/>
  <testcase classname="Education.TestNG" name="TestB" time="0.006"/>
  <testcase classname="Education.TestNG" name="TestA" time="0.004"/>
  <testcase classname="Education.TestNG" name="TestE" time="0.003"/>
</testsuite> <!-- Default test -->
